Agent pid 1009404
Sun Aug 31 18:42:36 CEST 2025: [era5_weather_data] running - Step 5 - Elapsed: 0s - Starting ERA5 weather data pipeline
Sun Aug 31 18:42:36 CEST 2025: [era5_weather_data] running - Step 10 - Elapsed: 0s - Loading modules
Sun Aug 31 18:42:42 CEST 2025: [era5_weather_data] running - Step 15 - Elapsed: 6s - Setting up conda environment
Sun Aug 31 18:42:45 CEST 2025: [era5_weather_data] running - Step 20 - Elapsed: 9s - Changing to project directory
Sun Aug 31 18:42:45 CEST 2025: [era5_weather_data] running - Step 25 - Elapsed: 9s - Pulling latest changes from git
Updating 1dbefc7..7d75038
Fast-forward
 get_era5_data.sh                   |  24 +-
 scripts/a0001_wrangle_era5_data.py | 440 +++++++++++++++++++++++++++++++++++++
 scripts/a000_wrangle_era5_data.py  | 173 ++++++++++-----
 3 files changed, 568 insertions(+), 69 deletions(-)
 create mode 100644 scripts/a0001_wrangle_era5_data.py
Sun Aug 31 18:42:47 CEST 2025: [era5_weather_data] running - Step 30 - Elapsed: 11s - Starting ERA5 data download
Starting ERA5 data download check for years 2024-2025
Current date: 2025-08-31 18:42:49
✓ Already exists: era5_2024_01_2m_dewpoint_temperature.grib (5,758,560 bytes)
✓ Already exists: era5_2024_01_2m_temperature.grib (5,758,560 bytes)
✓ Already exists: era5_2024_01_10m_u_component_of_wind.grib (5,758,560 bytes)
✓ Already exists: era5_2024_01_10m_v_component_of_wind.grib (5,758,560 bytes)
✓ Already exists: era5_2024_01_surface_pressure.grib (5,758,560 bytes)
✓ Already exists: era5_2024_01_total_precipitation.grib (8,386,368 bytes)
✓ Already exists: era5_2024_02_2m_dewpoint_temperature.grib (5,387,040 bytes)
✓ Already exists: era5_2024_02_2m_temperature.grib (5,387,040 bytes)
✓ Already exists: era5_2024_02_10m_u_component_of_wind.grib (5,387,040 bytes)
✓ Already exists: era5_2024_02_10m_v_component_of_wind.grib (5,387,040 bytes)
✓ Already exists: era5_2024_02_surface_pressure.grib (5,387,040 bytes)
✓ Already exists: era5_2024_02_total_precipitation.grib (7,845,312 bytes)
✓ Already exists: era5_2024_03_2m_dewpoint_temperature.grib (5,758,560 bytes)
✓ Already exists: era5_2024_03_2m_temperature.grib (5,758,560 bytes)
✓ Already exists: era5_2024_03_10m_u_component_of_wind.grib (5,758,560 bytes)
✓ Already exists: era5_2024_03_10m_v_component_of_wind.grib (5,758,560 bytes)
✓ Already exists: era5_2024_03_surface_pressure.grib (5,758,560 bytes)
✓ Already exists: era5_2024_03_total_precipitation.grib (8,386,368 bytes)
✓ Already exists: era5_2024_04_2m_dewpoint_temperature.grib (5,572,800 bytes)
✓ Already exists: era5_2024_04_2m_temperature.grib (5,572,800 bytes)
✓ Already exists: era5_2024_04_10m_u_component_of_wind.grib (5,572,800 bytes)
✓ Already exists: era5_2024_04_10m_v_component_of_wind.grib (5,572,800 bytes)
✓ Already exists: era5_2024_04_surface_pressure.grib (5,572,800 bytes)
✓ Already exists: era5_2024_04_total_precipitation.grib (8,115,840 bytes)
✓ Already exists: era5_2024_05_2m_dewpoint_temperature.grib (5,758,560 bytes)
✓ Already exists: era5_2024_05_2m_temperature.grib (5,758,560 bytes)
✓ Already exists: era5_2024_05_10m_u_component_of_wind.grib (5,758,560 bytes)
✓ Already exists: era5_2024_05_10m_v_component_of_wind.grib (5,758,560 bytes)
✓ Already exists: era5_2024_05_surface_pressure.grib (5,758,560 bytes)
✓ Already exists: era5_2024_05_total_precipitation.grib (8,386,368 bytes)
✓ Already exists: era5_2024_06_2m_dewpoint_temperature.grib (5,572,800 bytes)
✓ Already exists: era5_2024_06_2m_temperature.grib (5,572,800 bytes)
✓ Already exists: era5_2024_06_10m_u_component_of_wind.grib (5,572,800 bytes)
✓ Already exists: era5_2024_06_10m_v_component_of_wind.grib (5,572,800 bytes)
✓ Already exists: era5_2024_06_surface_pressure.grib (5,572,800 bytes)
✓ Already exists: era5_2024_06_total_precipitation.grib (8,115,840 bytes)
✓ Already exists: era5_2024_07_2m_dewpoint_temperature.grib (5,758,560 bytes)
✓ Already exists: era5_2024_07_2m_temperature.grib (5,758,560 bytes)
✓ Already exists: era5_2024_07_10m_u_component_of_wind.grib (5,758,560 bytes)
✓ Already exists: era5_2024_07_10m_v_component_of_wind.grib (5,758,560 bytes)
✓ Already exists: era5_2024_07_surface_pressure.grib (5,758,560 bytes)
✓ Already exists: era5_2024_07_total_precipitation.grib (8,386,368 bytes)
✓ Already exists: era5_2024_08_2m_dewpoint_temperature.grib (5,758,560 bytes)
✓ Already exists: era5_2024_08_2m_temperature.grib (5,758,560 bytes)
✓ Already exists: era5_2024_08_10m_u_component_of_wind.grib (5,758,560 bytes)
✓ Already exists: era5_2024_08_10m_v_component_of_wind.grib (5,758,560 bytes)
✓ Already exists: era5_2024_08_surface_pressure.grib (5,758,560 bytes)
✓ Already exists: era5_2024_08_total_precipitation.grib (8,386,368 bytes)
✓ Already exists: era5_2024_09_2m_dewpoint_temperature.grib (5,572,800 bytes)
✓ Already exists: era5_2024_09_2m_temperature.grib (5,572,800 bytes)
✓ Already exists: era5_2024_09_10m_u_component_of_wind.grib (5,572,800 bytes)
✓ Already exists: era5_2024_09_10m_v_component_of_wind.grib (5,572,800 bytes)
✓ Already exists: era5_2024_09_surface_pressure.grib (5,572,800 bytes)
✓ Already exists: era5_2024_09_total_precipitation.grib (8,115,840 bytes)
✓ Already exists: era5_2024_10_2m_dewpoint_temperature.grib (5,758,560 bytes)
✓ Already exists: era5_2024_10_2m_temperature.grib (5,758,560 bytes)
✓ Already exists: era5_2024_10_10m_u_component_of_wind.grib (5,758,560 bytes)
✓ Already exists: era5_2024_10_10m_v_component_of_wind.grib (5,758,560 bytes)
✓ Already exists: era5_2024_10_surface_pressure.grib (5,758,560 bytes)
✓ Already exists: era5_2024_10_total_precipitation.grib (8,386,368 bytes)
✓ Already exists: era5_2024_11_2m_dewpoint_temperature.grib (5,572,800 bytes)
✓ Already exists: era5_2024_11_2m_temperature.grib (5,572,800 bytes)
✓ Already exists: era5_2024_11_10m_u_component_of_wind.grib (5,572,800 bytes)
✓ Already exists: era5_2024_11_10m_v_component_of_wind.grib (5,572,800 bytes)
✓ Already exists: era5_2024_11_surface_pressure.grib (5,572,800 bytes)
✓ Already exists: era5_2024_11_total_precipitation.grib (8,115,840 bytes)
✓ Already exists: era5_2024_12_2m_dewpoint_temperature.grib (5,758,560 bytes)
✓ Already exists: era5_2024_12_2m_temperature.grib (5,758,560 bytes)
✓ Already exists: era5_2024_12_10m_u_component_of_wind.grib (5,758,560 bytes)
✓ Already exists: era5_2024_12_10m_v_component_of_wind.grib (5,758,560 bytes)
✓ Already exists: era5_2024_12_surface_pressure.grib (5,758,560 bytes)
✓ Already exists: era5_2024_12_total_precipitation.grib (8,386,368 bytes)
✓ Already exists: era5_2025_01_2m_dewpoint_temperature.grib (5,758,560 bytes)
✓ Already exists: era5_2025_01_2m_temperature.grib (5,758,560 bytes)
✓ Already exists: era5_2025_01_10m_u_component_of_wind.grib (5,758,560 bytes)
✓ Already exists: era5_2025_01_10m_v_component_of_wind.grib (5,758,560 bytes)
✓ Already exists: era5_2025_01_surface_pressure.grib (5,758,560 bytes)
✓ Already exists: era5_2025_01_total_precipitation.grib (8,386,368 bytes)
✓ Already exists: era5_2025_02_2m_dewpoint_temperature.grib (5,201,280 bytes)
✓ Already exists: era5_2025_02_2m_temperature.grib (5,201,280 bytes)
✓ Already exists: era5_2025_02_10m_u_component_of_wind.grib (5,201,280 bytes)
✓ Already exists: era5_2025_02_10m_v_component_of_wind.grib (5,201,280 bytes)
✓ Already exists: era5_2025_02_surface_pressure.grib (5,201,280 bytes)
✓ Already exists: era5_2025_02_total_precipitation.grib (7,574,784 bytes)
✓ Already exists: era5_2025_03_2m_dewpoint_temperature.grib (5,758,560 bytes)
✓ Already exists: era5_2025_03_2m_temperature.grib (5,758,560 bytes)
✓ Already exists: era5_2025_03_10m_u_component_of_wind.grib (5,758,560 bytes)
✓ Already exists: era5_2025_03_10m_v_component_of_wind.grib (5,758,560 bytes)
✓ Already exists: era5_2025_03_surface_pressure.grib (5,758,560 bytes)
✓ Already exists: era5_2025_03_total_precipitation.grib (8,386,368 bytes)
✓ Already exists: era5_2025_04_2m_dewpoint_temperature.grib (5,572,800 bytes)
✓ Already exists: era5_2025_04_2m_temperature.grib (5,572,800 bytes)
✓ Already exists: era5_2025_04_10m_u_component_of_wind.grib (5,572,800 bytes)
✓ Already exists: era5_2025_04_10m_v_component_of_wind.grib (5,572,800 bytes)
✓ Already exists: era5_2025_04_surface_pressure.grib (5,572,800 bytes)
✓ Already exists: era5_2025_04_total_precipitation.grib (8,115,840 bytes)
✓ Already exists: era5_2025_05_2m_dewpoint_temperature.grib (5,758,560 bytes)
✓ Already exists: era5_2025_05_2m_temperature.grib (5,758,560 bytes)
✓ Already exists: era5_2025_05_10m_u_component_of_wind.grib (5,758,560 bytes)
✓ Already exists: era5_2025_05_10m_v_component_of_wind.grib (5,758,560 bytes)
✓ Already exists: era5_2025_05_surface_pressure.grib (5,758,560 bytes)
✓ Already exists: era5_2025_05_total_precipitation.grib (8,386,368 bytes)
✓ Already exists: era5_2025_06_2m_dewpoint_temperature.grib (5,572,800 bytes)
✓ Already exists: era5_2025_06_2m_temperature.grib (5,572,800 bytes)
✓ Already exists: era5_2025_06_10m_u_component_of_wind.grib (5,572,800 bytes)
✓ Already exists: era5_2025_06_10m_v_component_of_wind.grib (5,572,800 bytes)
✓ Already exists: era5_2025_06_surface_pressure.grib (5,572,800 bytes)
✓ Already exists: era5_2025_06_total_precipitation.grib (8,115,840 bytes)
✓ Already exists: era5_2025_07_2m_dewpoint_temperature.grib (5,758,560 bytes)
✓ Already exists: era5_2025_07_2m_temperature.grib (5,758,560 bytes)
✓ Already exists: era5_2025_07_10m_u_component_of_wind.grib (5,758,560 bytes)
✓ Already exists: era5_2025_07_10m_v_component_of_wind.grib (5,758,560 bytes)
✓ Already exists: era5_2025_07_surface_pressure.grib (5,758,560 bytes)
✓ Already exists: era5_2025_07_total_precipitation.grib (8,386,368 bytes)
✓ Already exists: era5_2025_08_2m_dewpoint_temperature.grib (4,752,360 bytes)
✓ Already exists: era5_2025_08_2m_temperature.grib (4,752,360 bytes)
✓ Already exists: era5_2025_08_10m_u_component_of_wind.grib (4,752,360 bytes)
✓ Already exists: era5_2025_08_10m_v_component_of_wind.grib (4,752,360 bytes)
✓ Already exists: era5_2025_08_surface_pressure.grib (4,752,360 bytes)
✓ Already exists: era5_2025_08_total_precipitation.grib (6,921,008 bytes)

============================================================
DOWNLOAD SUMMARY
============================================================
Total files needed:     120
Files already existed:  120
Files downloaded:       0
Files failed:           0
Success rate:           100.0%
============================================================
Sun Aug 31 18:42:49 CEST 2025: [era5_weather_data] running - Step 80 - Elapsed: 13s - Starting weather data wrangling
Sun Aug 31 18:42:49 CEST 2025: [era5_weather_data] running - Step 90 - Elapsed: 13s - Committing and pushing results
[main f82dd74] log files from cluster run of era5 weather update (automated)
 2 files changed, 154 insertions(+)
 create mode 100644 logs/slurm_18317.err
 create mode 100644 logs/slurm_18317.out
Already up to date.
Sun Aug 31 18:42:53 CEST 2025: [era5_weather_data] completed - Step 100 - Elapsed: 17s - ERA5 weather data pipeline finished successfully
